002B4CFC5B8920A87065FC131F9732D1,2013-41-06
0036961468659D0BFC7241D92E8ED865,2013-03-05
01D13A056D9A26F84C328DFDD5534B55,2013-55-06
04A54E9D5FDF2449B9054968119CB2FB,2013-24-07
04E56D11212D5EDC07BA881A1CBD8DFC,2013-02-05
0566C1C4F78A4ECD5EFB65A84996EAC2,2013-25-06
05957CAE639FBEF3437C288251786169,2013-48-06
063430B3EBEAF839EB341DFE64E97BD0,2013-22-06
073917FED38CFA3E064D0A6BDE4D5C60,2013-35-07
0781114756BA7B16D8B8898C87F6D4BD,2013-35-07
084ACA045413975E5FB960ECBD9C6588,2013-30-05
0A2B0D09CC814C4DFE90079A20E490E3,2013-57-06
0AB577178F654F45149AF746A996D04D,2013-19-07
0AB577178F654F45149AF746A996D04D,2013-07-07
0B120D8BE3AD36A0A94B8ECFEA04C959,2013-34-07
0B6EA87887FE3A28EB0B42CB6A79C1B8,2013-21-06
0BC4A0691D01B8D19679D126F138E92C,2013-00-01
0DE106C22F91831CF67D04EAE7973F02,2013-55-07
113C86713C13307246CB77DB753B339E,2013-46-06
11CC6D79BE313DB3822B742375932D91,2013-47-06
11F6666567A80258716669DC497BD5ED,2013-36-05
144C0D2F6A4AFDAA59644AFB452F408F,2013-29-05
15888078493E6FCD07E72E7C2AFF5CAF,2013-44-06
1624746DCE973556C3E2FE7AE5B89E2A,2013-13-01
16326D298914D52CC59BA0089D0E41C7,2013-45-06
18DDC049CC26AE3AABB4C08C59374EFB,2013-17-05
1A052D0501F70E8A989BA6BF44A72880,2013-47-01
1A5E0925E42C3394CF5060E802E98F17,2013-47-05
1B710A4C8AE2E5E76C2BBA4D0BB396A1,2013-22-06
1BF26A74DBAD2D27B6A01957EC23B8CF,2013-37-06
1C46178096EAF05D3E9EAC8BF33D988D,2013-24-05
1D80BFFF2C8902916EFF4B1F1BFD63D7,2013-26-06
203E09E6F813E6937F1B3A002EF250DB,2013-08-06
221FE811F798AEF800C704E719E967EC,2013-02-07
230FBEE57EBAF0D85F5F13DFDD66B181,2013-13-05
23A8ED0AAA1936A28C652B80903B42FB,2013-08-07
2452625B6740985577C65E0511A780A7,2013-04-06
25C58A443C9468F703059E929CA15FEF,2013-28-06
26B6B5EA600ECB6E92CA40CDC270AC59,2013-33-05
27328100F8702AD2DA7BB48912886CFF,2013-07-01
274157A7E6A1820B13BB747B086462AD,2013-10-07
28AA47C51A2536F1ED6E281294349654,2013-20-07
2940293F90E9249E157EEE5F42B9C189,2013-45-05
2B2A3C3029FD38F8106649621B40C8A4,2013-29-05
2B6C00D2BC33F165F39B8751FD898F26,2013-36-06
2B8A6A227F262737D21F9E93B2FA0D65,2013-49-05
2D65CC413AC7C7B589362F7E46DFC381,2013-15-07
2F7430A075A7A4F9D4DA93F3BF4C49E0,2013-06-05
2F7430A075A7A4F9D4DA93F3BF4C49E0,2013-11-06
2F8B2E3A7989EFBADB5B5E1D65C19E1C,2013-40-07
32139C7F641135F5906B98937D458705,2013-09-07
3257BB723EEA01F8268236E81D27D7B8,2013-03-05
331D8A531C478116E641F325704D1C47,2013-57-05
336BA50C7725399650CD901EEA8C3173,2013-04-06
346A31AAC71C3EE3725E9F1F53B86892,2013-23-05
351E1091AB0ADB554152A55BBA66E4ED,2013-53-06
390CF993D59D0DC7297CE2A0BF73D4F5,2013-26-05
3AD6E3E7183533095E90A48647018CE6,2013-21-07
3AEE4D329A9AE6AB4345EE8734DF8478,2013-02-05
3B56A6E719FF6C05F0927641416FE8F7,2013-34-06
3F37D37A4F08BE8E242076A75641C4D2,2013-54-06
41D7027582BC2B33889DF14F9C7C0C3D,2013-47-06
421CC6F25F04663977DA8B59C0AE439E,2013-31-05
4256332648D4C386D2556EA5F320E0F6,2013-40-07
430D7E81CB45708C7F9E7AC8554C5049,2013-01-05
4332205136ED3AE2D25284D31F13ED85,2013-04-06
43719DA8A568F42E7DA1F833800F6C5F,2013-38-05
439A7DB5A293D47FC0365501159DC9A2,2013-01-06
468244D1361B8A3EB8D206CC394BC9E9,2013-01-06
469D3BE57DB68A41E98468F892F87E5B,2013-50-06
470121151A8F4215E4EC61EBA89E368B,2013-37-07
47D0E2037D5732B2D397B7F4D1A09ACD,2013-53-07
4A970A1ED8FDCF0134F7379289C97B59,2013-26-07
503170A5E7444EB68B4C67DD0A56D745,2013-14-01
51E48CB5AF16195DF63651FF1968737B,2013-37-06
51E48CB5AF16195DF63651FF1968737B,2013-54-06
5408DC14095E2DE92CD2937F5F0EA071,2013-26-07
5493A58B275E12A44971656845F86B93,2013-06-05
57596C3BB33F47B02E57C56BEB9D540A,2013-14-05
582CAF46446FA03320E5178E7BEC1E86,2013-36-05
5F799475358AF4726C2178539F24A91C,2013-31-06
615AC6711C6F889D9B2DF39177819F5C,2013-08-06
61CE8D15BA23030B9F3391CA4AA71BC0,2013-23-05
61FCEBC5BFD12BEF753C1656F641C2D2,2013-51-05
639CD7FAC98F35C6E6C7F4AE4A16F8CC,2013-00-06
65076E5DD0580BF0A68A5A8236F68322,2013-44-05
696A7ECC869379ED31033CC897A42BFC,2013-39-05
6A4EB13F46065C70362E088C1E3D233E,2013-19-05
6ADF43E6F6F20F2003709ED44A99D35C,2013-13-05
6AE2F34DE4DE8019C6906C61179B4865,2013-34-07
6D9C475464A8B03AB81B582A77B19EBC,2013-01-07
6D9CCBF092BDC6CA596C54FA13C98B79,2013-02-05
6F39A53F297987628914ABA54331E503,2013-28-05
6FC04F89BE153CF9F982ECCB52431760,2013-08-06
709971D22019A77FAF7694F53202ADE3,2013-09-05
716CB49FAE391C576FD42A95A7FD866F,2013-10-05
7177FBDAE37C7F1EF3A56BD716EA33BE,2013-34-07
7219E4C7C68C04DCCCFBA39D793AC641,2013-22-06
729D902C73197248D1CE5372CF92231B,2013-56-05
7436DA8C032454305CB087EE48D519A6,2013-14-05
7735BB047CAAAA539070B46AA266F773,2013-33-05
77C87311CFC88B3F82044AD6B808008F,2013-04-06
77EC6F21C85B637CC42BB997841E11A6,2013-18-05
77EC6F21C85B637CC42BB997841E11A6,2013-11-05
77EC6F21C85B637CC42BB997841E11A6,2013-15-05
77EC6F21C85B637CC42BB997841E11A6,2013-17-05
77EC6F21C85B637CC42BB997841E11A6,2013-22-05
77EC6F21C85B637CC42BB997841E11A6,2013-23-05
77EC6F21C85B637CC42BB997841E11A6,2013-25-05
784BC08C96E1096012D6A6ACEEDB750D,2013-30-06
786EFEF784BBD017D6C84F891A1A73F5,2013-27-06
78A0CCB71F0CD7541B2FF8BC206DC358,2013-17-05
78C27C71C9B9DC4742AFFD4808435ADB,2013-38-07
791C0628B0DE985E7C726154581B0632,2013-30-05
79784371355837D1D6ACDC7AB400E978,2013-12-07
7B501672204EB6B8777CE5C16296AC66,2013-11-03
7C74981E275C409A06196D5BEF869403,2013-55-07
7D63AD18916F344C67DEFA49A4C78038,2013-24-06
7D63AD18916F344C67DEFA49A4C78038,2013-30-06
7E63D85EAC3DE6A6911E6B59436536FE,2013-38-07
7E94181F851247ACE580CA73F8641E39,2013-25-07
8188652799455C7FC9B4A78FA70797EE,2013-49-06
83DE5B617622C30946701EB77A23D721,2013-12-07
8A9167F9028DAD6758688CC9D0B47061,2013-50-06
8BB44C8B56939C6D2399DAD321ED26BD,2013-31-06
8BBE2A2B48E02DDE15E90B6DE51CFC85,2013-04-06
8C68738237DE828F6C784227EDDA041E,2013-30-06
8CE240F0796D072D5DCFE06A364FB5A0,2013-29-01
8D0ED4518CCFA25E26EF792718BBD4D3,2013-30-07
8D84D22AC7C633EC7D8ECE18258E918F,2013-12-07
8E1D3F890D507E2E7B7D16C081DD4169,2013-39-05
8E500EE1E1A482CE0B95BC9A9EEB6D11,2013-31-06
8F145898D2BB467A475DC9C84E17D11D,2013-42-07
8F26F4F3008E69F65A0E2165AF9E48E3,2013-28-06
8F6E5DD8FDCB4A4A893D6CA97DCC0F60,2013-15-05
8FA0C7C621693B0BBACDC314A5E954F0,2013-06-07
912E79CD13C64069D91DA65D62FBB78C,2013-34-05
9254771E597A41205E215EDA8541D220,2013-06-07
926971F1904ADABBF2FF1C325D6BAF10,2013-46-05
935A94CA448A9CDF1C23514A38349B2C,2013-22-05
94E81376D0E03B9A4CD02D98728AAFD2,2013-11-06
954098685214C4B5150E5CC130812936,2013-02-07
96E920D1D4069633D511E4BF73A70C9A,2013-06-01
96F1BE5F54DFF681C682EE2B6B6C1043,2013-32-05
98692CFFC89FE86800935F8CBAF529F2,2013-41-07
99B1FD019B175E0CC6E57BC9E4FAAC94,2013-55-06
9A8A9BB52D429B491DF9CDF1D5E0877A,2013-05-07
9B5FB0AA7D3FA6A55B2C374962665945,2013-29-06
9B980097EE2FD6E015D69136D4CB9215,2013-24-06
9DA37A0F6BB791516609A8D8B5BC9361,2013-35-07
9DA551A90D57782C1F53DDCF86E2FF3D,2013-35-06
9F1F27280ACE1C0159EAFB1A7FF03771,2013-36-05
9F3B5F7A9F37581A5B033F4D2050C935,2013-03-05
A064C769F21A2016922305861AF54A50,2013-56-05
A1743278E323B310DF568AB68861B3EA,2013-19-05
A24C9F2C7BB9E582D468AB65E851BE1B,2013-45-05
A29ADFD648BEAD35ED7940010B501B50,2013-12-07
A2CF7F240874DF15FE3EB68414ABF1DC,2013-09-07
A2CF7F240874DF15FE3EB68414ABF1DC,2013-10-07
A2CF7F240874DF15FE3EB68414ABF1DC,2013-44-07
A2CF7F240874DF15FE3EB68414ABF1DC,2013-48-07
A2CF7F240874DF15FE3EB68414ABF1DC,2013-49-07
A2CF7F240874DF15FE3EB68414ABF1DC,2013-44-07
A2CF7F240874DF15FE3EB68414ABF1DC,2013-08-07
A2CF7F240874DF15FE3EB68414ABF1DC,2013-29-07
A2CF7F240874DF15FE3EB68414ABF1DC,2013-04-07
A2CF7F240874DF15FE3EB68414ABF1DC,2013-05-07
A2CF7F240874DF15FE3EB68414ABF1DC,2013-06-07
A2CF7F240874DF15FE3EB68414ABF1DC,2013-07-07
A44E3AAB61400E932DAF086634E19685,2013-50-05
A44E3AAB61400E932DAF086634E19685,2013-34-05
A49C37EB966E7B05E69523D1CB7BE303,2013-11-06
A5AF8E393F9038D249CE6E03787F0E2A,2013-24-05
A6C0D15006C7592E686798E025293BDD,2013-16-07
A7C8AC875D01F7270F14ACE56C98B89D,2013-53-07
A8EE7FD7022C9E58BE8F096D347EE0B8,2013-25-05
AB5EDB6DE9D3B27B1FC893FFF6340017,2013-24-07
ABDC895238F3B96FAD1D39B13FD3A1BB,2013-11-06
AC07C55C25773A929129BC1E3A701F95,2013-29-06
AF07F2B9C164EBEFFA2D38B0C6D964F9,2013-18-07
B1E143AB70C22A25FE50999B8E65ABF5,2013-56-05
B25FD88FF299C626399EF0BB8ED20CFD,2013-24-07
B304299AAB9F5354FAFC3AF25416A764,2013-32-07
B4927C0E2C4A9E33E1D8E4E630332D50,2013-35-07
B4C643AC77FAB3130DCE113E4BDE2BFE,2013-03-07
B562ACEF597AA8497E090E41A9F12EEC,2013-44-06
B58E6401091C7B660A2E408620D28D63,2013-40-05
B617C3D92C7DCA35E34645010065B3A3,2013-31-07
B73FA282721DC087BBF8AB6C4D79B81D,2013-34-06
B81DC8EF25CA60D2269F8049DBB1F5A5,2013-21-07
BC2ABE8D36EED2A5D28F79B1749CA9CE,2013-49-06
BC3A3D1BECC84F0FAAEAC0F725FC221E,2013-31-01
BF91206BF6016E35AE3AEC67CF0611AB,2013-48-07
BF91206BF6016E35AE3AEC67CF0611AB,2013-49-07
C22D5DD228F47B709BED0F5B996C7E5B,2013-39-07
C3B21CF2EEEE0B0ED4A5C4B98EBD0A56,2013-57-06
C41A7FA97B7C694620442621FC8D8127,2013-39-05
C5AADDB89C535DB639E0296EF40062E4,2013-11-06
C8863CEC3E6F44057326BA8B3FCE3AB9,2013-12-01
CB681D45BE8E07EC40388EA9C0D49023,2013-51-05
CC06A75F16AACDA8B33E868B2216E3A9,2013-06-05
CCB1E13FB227A4726111752D0F6458F9,2013-39-07
CE22FDCE2D5845CF3E562173084FFE99,2013-15-05
CEA0203EC94225EA2B05224F7C875FF1,2013-14-07
CEA322EA7E96F56511DCF00B15C0B13A,2013-36-05
D01B73345CD09E6B5B8B5076436C0482,2013-42-05
D3765EB5261C08BF2EBBE09164A75043,2013-38-05
D39704A62CF63852EE31C1B66275E75D,2013-13-06
D39704A62CF63852EE31C1B66275E75D,2013-47-07
D43B8505605CEECDEAA54E30F344E9F6,2013-43-06
D46130EEE58952844E13AE96E6A44362,2013-15-05
D4D7F42F03937C65BF328B064868CCA8,2013-34-06
D50A71723971D17F3ED84996BEC2E5B8,2013-33-06
D63EA603C7151EE3D9F9975C75CD9132,2013-41-06
D6E912F06EEDB1749B2595C7A1D2901B,2013-19-06
D978FA187038016567511C9FDF2DB955,2013-55-05
D9F9133FB120CD6096870BC2B496805B,2013-21-05
DA93324D79ACA5082945EAB57920BCEB,2013-44-06
DBA03C39ED8C744C7624D3E40E88893D,2013-41-07
DBC9758C440603E637FEF3275A4535B8,2013-09-06
DC757F88C465D6D94E8C7BD67E9D41B9,2013-00-05
DD2F0B50AA8FEC36B6CE689F16039F12,2013-28-07
DDBFC33EB42056E1DFC8E8F356EE5527,2013-32-01
DED3334D23BBF51F1A5C841E9C227C39,2013-48-07
DF681D7A829430AEE83AAF5CCC078407,2013-40-06
E088F1ADBC5962AC31E8721FFAE337A6,2013-52-05
E1CAB23492952D2165EF62BDC4568955,2013-35-07
E2563431CC2CC16F7BB22481922E6458,2013-24-05
E3745077CE6873D9A2EA80DBF377F294,2013-54-05
E3BE706403627C3D4BF57BB0224067C0,2013-47-01
E3FD0A4DE92A3B02B63C343FDEE99BAC,2013-50-06
E43197E5FA39815A98C11775F938A846,2013-36-01
E4B3BD2D019F61A817E10ABDF43069E3,2013-12-07
E5018BD908BDABB9213131D8BB0FAE5E,2013-09-06
E63FB9A6397F26C7CC32816ED2692B51,2013-24-05
E79DEAC99C7B48BC786C70BDDF606B73,2013-46-06
E8275BDE16ECD14CD3A006584E6D5D13,2013-16-05
EBED0E655DDFA52D3F86B7B0D9CD41C5,2013-08-07
ECEADE72BFBDC897CE193F99D667584C,2013-14-06
EE9FB7759494B99129A19BE5058F94B8,2013-11-05
EEDA2E71A0D833D602EBB33343E8DDDB,2013-41-05
EEDA2E71A0D833D602EBB33343E8DDDB,2013-22-06
F2044E9C9C3A442A01BC34A67FF1009F,2013-12-06
F23DDD7B961109E4EB194F3F7AF20F7D,2013-32-05
F2C271C61AB3274D76D79A9E56D00C3E,2013-22-06
F31C1DCC59DED4B0FF97FFF34F39FFE4,2013-05-01
FBAE44EAB60877770A28A57BA2C6C8E8,2013-05-06
FCB1BF2054823AB4F0D2A35BB5A26A11,2013-19-07
