002B4CFC5B8920A87065FC131F9732D1,  2013-08-06 15:41:00
0036961468659D0BFC7241D92E8ED865,  2013-08-05 18:03:00
01D13A056D9A26F84C328DFDD5534B55,  2013-08-06 20:55:00
04A54E9D5FDF2449B9054968119CB2FB,  2013-08-07 01:24:00
04E56D11212D5EDC07BA881A1CBD8DFC,  2013-08-05 09:02:00
0566C1C4F78A4ECD5EFB65A84996EAC2,  2013-08-06 11:25:00
05957CAE639FBEF3437C288251786169,  2013-08-06 21:48:00
063430B3EBEAF839EB341DFE64E97BD0,  2013-08-06 13:22:00
073917FED38CFA3E064D0A6BDE4D5C60,  2013-08-07 19:35:00
0781114756BA7B16D8B8898C87F6D4BD,  2013-08-07 05:35:00
084ACA045413975E5FB960ECBD9C6588,  2013-08-05 10:30:00
0A2B0D09CC814C4DFE90079A20E490E3,  2013-08-06 13:57:00
0AB577178F654F45149AF746A996D04D,  2013-08-07 12:19:00
0AB577178F654F45149AF746A996D04D,  2013-08-07 15:07:00
0B120D8BE3AD36A0A94B8ECFEA04C959,  2013-08-07 14:34:00
0B6EA87887FE3A28EB0B42CB6A79C1B8,  2013-08-06 14:21:00
0BC4A0691D01B8D19679D126F138E92C,  2013-08-01 00:00:00
0DE106C22F91831CF67D04EAE7973F02,  2013-08-07 11:55:00
113C86713C13307246CB77DB753B339E,  2013-08-06 06:46:00
11CC6D79BE313DB3822B742375932D91,  2013-08-06 22:47:00
11F6666567A80258716669DC497BD5ED,  2013-08-05 09:36:00
144C0D2F6A4AFDAA59644AFB452F408F,  2013-08-05 22:29:00
15888078493E6FCD07E72E7C2AFF5CAF,  2013-08-06 07:44:00
1624746DCE973556C3E2FE7AE5B89E2A,  2013-08-01 03:13:00
16326D298914D52CC59BA0089D0E41C7,  2013-08-06 13:45:00
18DDC049CC26AE3AABB4C08C59374EFB,  2013-08-05 08:17:00
1A052D0501F70E8A989BA6BF44A72880,  2013-08-01 07:47:00
1A5E0925E42C3394CF5060E802E98F17,  2013-08-05 21:47:00
1B710A4C8AE2E5E76C2BBA4D0BB396A1,  2013-08-06 22:22:00
1BF26A74DBAD2D27B6A01957EC23B8CF,  2013-08-06 23:37:00
1C46178096EAF05D3E9EAC8BF33D988D,  2013-08-05 07:24:00
1D80BFFF2C8902916EFF4B1F1BFD63D7,  2013-08-06 12:26:00
203E09E6F813E6937F1B3A002EF250DB,  2013-08-06 16:08:00
221FE811F798AEF800C704E719E967EC,  2013-08-07 23:02:00
230FBEE57EBAF0D85F5F13DFDD66B181,  2013-08-05 21:13:00
23A8ED0AAA1936A28C652B80903B42FB,  2013-08-07 07:08:00
2452625B6740985577C65E0511A780A7,  2013-08-06 05:04:00
25C58A443C9468F703059E929CA15FEF,  2013-08-06 06:28:00
26B6B5EA600ECB6E92CA40CDC270AC59,  2013-08-05 17:33:00
27328100F8702AD2DA7BB48912886CFF,  2013-08-01 04:07:00
274157A7E6A1820B13BB747B086462AD,  2013-08-07 21:10:00
28AA47C51A2536F1ED6E281294349654,  2013-08-07 09:20:00
2940293F90E9249E157EEE5F42B9C189,  2013-08-05 10:45:00
2B2A3C3029FD38F8106649621B40C8A4,  2013-08-05 11:29:00
2B6C00D2BC33F165F39B8751FD898F26,  2013-08-06 14:36:00
2B8A6A227F262737D21F9E93B2FA0D65,  2013-08-05 15:49:00
2D65CC413AC7C7B589362F7E46DFC381,  2013-08-07 22:15:00
2F7430A075A7A4F9D4DA93F3BF4C49E0,  2013-08-05 19:06:00
2F7430A075A7A4F9D4DA93F3BF4C49E0,  2013-08-06 16:11:00
2F8B2E3A7989EFBADB5B5E1D65C19E1C,  2013-08-07 14:40:00
32139C7F641135F5906B98937D458705,  2013-08-07 19:09:00
3257BB723EEA01F8268236E81D27D7B8,  2013-08-05 08:03:00
331D8A531C478116E641F325704D1C47,  2013-08-05 08:57:00
336BA50C7725399650CD901EEA8C3173,  2013-08-06 15:04:00
346A31AAC71C3EE3725E9F1F53B86892,  2013-08-05 12:23:00
351E1091AB0ADB554152A55BBA66E4ED,  2013-08-06 09:53:00
390CF993D59D0DC7297CE2A0BF73D4F5,  2013-08-05 13:26:00
3AD6E3E7183533095E90A48647018CE6,  2013-08-07 08:21:00
3AEE4D329A9AE6AB4345EE8734DF8478,  2013-08-05 17:02:00
3B56A6E719FF6C05F0927641416FE8F7,  2013-08-06 06:34:00
3F37D37A4F08BE8E242076A75641C4D2,  2013-08-06 18:54:00
41D7027582BC2B33889DF14F9C7C0C3D,  2013-08-06 13:47:00
421CC6F25F04663977DA8B59C0AE439E,  2013-08-05 07:31:00
4256332648D4C386D2556EA5F320E0F6,  2013-08-07 07:40:00
430D7E81CB45708C7F9E7AC8554C5049,  2013-08-05 08:01:00
4332205136ED3AE2D25284D31F13ED85,  2013-08-06 08:04:00
43719DA8A568F42E7DA1F833800F6C5F,  2013-08-05 15:38:00
439A7DB5A293D47FC0365501159DC9A2,  2013-08-06 08:01:00
468244D1361B8A3EB8D206CC394BC9E9,  2013-08-06 20:01:00
469D3BE57DB68A41E98468F892F87E5B,  2013-08-06 16:50:00
470121151A8F4215E4EC61EBA89E368B,  2013-08-07 12:37:00
47D0E2037D5732B2D397B7F4D1A09ACD,  2013-08-07 22:53:00
4A970A1ED8FDCF0134F7379289C97B59,  2013-08-07 07:26:00
503170A5E7444EB68B4C67DD0A56D745,  2013-08-01 08:14:00
51E48CB5AF16195DF63651FF1968737B,  2013-08-06 17:37:00
51E48CB5AF16195DF63651FF1968737B,  2013-08-06 23:54:00
5408DC14095E2DE92CD2937F5F0EA071,  2013-08-07 04:26:00
5493A58B275E12A44971656845F86B93,  2013-08-05 21:06:00
57596C3BB33F47B02E57C56BEB9D540A,  2013-08-05 05:14:00
582CAF46446FA03320E5178E7BEC1E86,  2013-08-05 21:36:00
5F799475358AF4726C2178539F24A91C,  2013-08-06 17:31:00
615AC6711C6F889D9B2DF39177819F5C,  2013-08-06 10:08:00
61CE8D15BA23030B9F3391CA4AA71BC0,  2013-08-05 23:23:00
61FCEBC5BFD12BEF753C1656F641C2D2,  2013-08-05 00:51:00
639CD7FAC98F35C6E6C7F4AE4A16F8CC,  2013-08-06 14:00:00
65076E5DD0580BF0A68A5A8236F68322,  2013-08-05 00:44:00
696A7ECC869379ED31033CC897A42BFC,  2013-08-05 05:39:00
6A4EB13F46065C70362E088C1E3D233E,  2013-08-05 07:19:00
6ADF43E6F6F20F2003709ED44A99D35C,  2013-08-05 13:13:00
6AE2F34DE4DE8019C6906C61179B4865,  2013-08-07 17:34:00
6D9C475464A8B03AB81B582A77B19EBC,  2013-08-07 12:01:00
6D9CCBF092BDC6CA596C54FA13C98B79,  2013-08-05 14:02:00
6F39A53F297987628914ABA54331E503,  2013-08-05 20:28:00
6FC04F89BE153CF9F982ECCB52431760,  2013-08-06 15:08:17
709971D22019A77FAF7694F53202ADE3,  2013-08-05 18:09:00
716CB49FAE391C576FD42A95A7FD866F,  2013-08-05 18:10:00
7177FBDAE37C7F1EF3A56BD716EA33BE,  2013-08-07 13:34:00
7219E4C7C68C04DCCCFBA39D793AC641,  2013-08-06 15:22:00
729D902C73197248D1CE5372CF92231B,  2013-08-05 13:56:00
7436DA8C032454305CB087EE48D519A6,  2013-08-05 19:14:00
7735BB047CAAAA539070B46AA266F773,  2013-08-05 16:33:00
77C87311CFC88B3F82044AD6B808008F,  2013-08-06 08:04:00
77EC6F21C85B637CC42BB997841E11A6,  2013-08-05 13:18:00
77EC6F21C85B637CC42BB997841E11A6,  2013-08-05 15:11:00
77EC6F21C85B637CC42BB997841E11A6,  2013-08-05 15:15:00
77EC6F21C85B637CC42BB997841E11A6,  2013-08-05 15:17:00
77EC6F21C85B637CC42BB997841E11A6,  2013-08-05 15:22:00
77EC6F21C85B637CC42BB997841E11A6,  2013-08-05 15:23:00
77EC6F21C85B637CC42BB997841E11A6,  2013-08-05 15:25:00
784BC08C96E1096012D6A6ACEEDB750D,  2013-08-06 14:30:00
786EFEF784BBD017D6C84F891A1A73F5,  2013-08-06 13:27:00
78A0CCB71F0CD7541B2FF8BC206DC358,  2013-08-05 23:17:00
78C27C71C9B9DC4742AFFD4808435ADB,  2013-08-07 15:38:00
791C0628B0DE985E7C726154581B0632,  2013-08-05 17:30:00
79784371355837D1D6ACDC7AB400E978,  2013-08-07 19:12:00
7B501672204EB6B8777CE5C16296AC66,  2013-08-03 23:11:10
7C74981E275C409A06196D5BEF869403,  2013-08-07 07:55:00
7D63AD18916F344C67DEFA49A4C78038,  2013-08-06 09:24:00
7D63AD18916F344C67DEFA49A4C78038,  2013-08-06 10:30:00
7E63D85EAC3DE6A6911E6B59436536FE,  2013-08-07 21:38:00
7E94181F851247ACE580CA73F8641E39,  2013-08-07 08:25:00
8188652799455C7FC9B4A78FA70797EE,  2013-08-06 08:49:00
83DE5B617622C30946701EB77A23D721,  2013-08-07 20:12:00
8A9167F9028DAD6758688CC9D0B47061,  2013-08-06 10:50:00
8BB44C8B56939C6D2399DAD321ED26BD,  2013-08-06 06:31:00
8BBE2A2B48E02DDE15E90B6DE51CFC85,  2013-08-06 15:04:00
8C68738237DE828F6C784227EDDA041E,  2013-08-06 04:30:00
8CE240F0796D072D5DCFE06A364FB5A0,  2013-08-01 01:29:00
8D0ED4518CCFA25E26EF792718BBD4D3,  2013-08-07 15:30:00
8D84D22AC7C633EC7D8ECE18258E918F,  2013-08-07 07:12:00
8E1D3F890D507E2E7B7D16C081DD4169,  2013-08-05 20:39:00
8E500EE1E1A482CE0B95BC9A9EEB6D11,  2013-08-06 11:31:00
8F145898D2BB467A475DC9C84E17D11D,  2013-08-07 16:42:00
8F26F4F3008E69F65A0E2165AF9E48E3,  2013-08-06 13:28:00
8F6E5DD8FDCB4A4A893D6CA97DCC0F60,  2013-08-05 14:15:00
8FA0C7C621693B0BBACDC314A5E954F0,  2013-08-07 08:06:00
912E79CD13C64069D91DA65D62FBB78C,  2013-08-05 11:34:00
9254771E597A41205E215EDA8541D220,  2013-08-07 15:06:00
926971F1904ADABBF2FF1C325D6BAF10,  2013-08-05 17:46:00
935A94CA448A9CDF1C23514A38349B2C,  2013-08-05 08:22:00
94E81376D0E03B9A4CD02D98728AAFD2,  2013-08-06 18:11:00
954098685214C4B5150E5CC130812936,  2013-08-07 19:02:00
96E920D1D4069633D511E4BF73A70C9A,  2013-08-01 09:06:00
96F1BE5F54DFF681C682EE2B6B6C1043,  2013-08-05 20:32:00
98692CFFC89FE86800935F8CBAF529F2,  2013-08-07 21:41:00
99B1FD019B175E0CC6E57BC9E4FAAC94,  2013-08-06 07:55:00
9A8A9BB52D429B491DF9CDF1D5E0877A,  2013-08-07 09:05:00
9B5FB0AA7D3FA6A55B2C374962665945,  2013-08-06 20:29:00
9B980097EE2FD6E015D69136D4CB9215,  2013-08-06 22:24:00
9DA37A0F6BB791516609A8D8B5BC9361,  2013-08-07 14:35:00
9DA551A90D57782C1F53DDCF86E2FF3D,  2013-08-06 12:35:00
9F1F27280ACE1C0159EAFB1A7FF03771,  2013-08-05 17:36:00
9F3B5F7A9F37581A5B033F4D2050C935,  2013-08-05 20:03:00
A064C769F21A2016922305861AF54A50,  2013-08-05 14:56:00
A1743278E323B310DF568AB68861B3EA,  2013-08-05 19:19:00
A24C9F2C7BB9E582D468AB65E851BE1B,  2013-08-05 15:45:00
A29ADFD648BEAD35ED7940010B501B50,  2013-08-07 12:12:00
A2CF7F240874DF15FE3EB68414ABF1DC,  2013-08-07 12:09:00
A2CF7F240874DF15FE3EB68414ABF1DC,  2013-08-07 12:10:00
A2CF7F240874DF15FE3EB68414ABF1DC,  2013-08-07 13:44:00
A2CF7F240874DF15FE3EB68414ABF1DC,  2013-08-07 13:48:00
A2CF7F240874DF15FE3EB68414ABF1DC,  2013-08-07 13:49:00
A2CF7F240874DF15FE3EB68414ABF1DC,  2013-08-07 15:44:00
A2CF7F240874DF15FE3EB68414ABF1DC,  2013-08-07 16:08:00
A2CF7F240874DF15FE3EB68414ABF1DC,  2013-08-07 16:29:00
A2CF7F240874DF15FE3EB68414ABF1DC,  2013-08-07 17:04:00
A2CF7F240874DF15FE3EB68414ABF1DC,  2013-08-07 17:05:00
A2CF7F240874DF15FE3EB68414ABF1DC,  2013-08-07 17:06:00
A2CF7F240874DF15FE3EB68414ABF1DC,  2013-08-07 17:07:00
A44E3AAB61400E932DAF086634E19685,  2013-08-05 18:50:00
A44E3AAB61400E932DAF086634E19685,  2013-08-05 20:34:00
A49C37EB966E7B05E69523D1CB7BE303,  2013-08-06 18:11:00
A5AF8E393F9038D249CE6E03787F0E2A,  2013-08-05 15:24:00
A6C0D15006C7592E686798E025293BDD,  2013-08-07 22:16:00
A7C8AC875D01F7270F14ACE56C98B89D,  2013-08-07 20:53:00
A8EE7FD7022C9E58BE8F096D347EE0B8,  2013-08-05 11:25:00
AB5EDB6DE9D3B27B1FC893FFF6340017,  2013-08-07 20:24:00
ABDC895238F3B96FAD1D39B13FD3A1BB,  2013-08-06 05:11:00
AC07C55C25773A929129BC1E3A701F95,  2013-08-06 15:29:00
AF07F2B9C164EBEFFA2D38B0C6D964F9,  2013-08-07 16:18:00
B1E143AB70C22A25FE50999B8E65ABF5,  2013-08-05 11:56:00
B25FD88FF299C626399EF0BB8ED20CFD,  2013-08-07 04:24:00
B304299AAB9F5354FAFC3AF25416A764,  2013-08-07 08:32:00
B4927C0E2C4A9E33E1D8E4E630332D50,  2013-08-07 12:35:00
B4C643AC77FAB3130DCE113E4BDE2BFE,  2013-08-07 17:03:00
B562ACEF597AA8497E090E41A9F12EEC,  2013-08-06 17:44:00
B58E6401091C7B660A2E408620D28D63,  2013-08-05 15:40:00
B617C3D92C7DCA35E34645010065B3A3,  2013-08-07 18:31:00
B73FA282721DC087BBF8AB6C4D79B81D,  2013-08-06 14:34:00
B81DC8EF25CA60D2269F8049DBB1F5A5,  2013-08-07 13:21:00
BC2ABE8D36EED2A5D28F79B1749CA9CE,  2013-08-06 09:49:00
BC3A3D1BECC84F0FAAEAC0F725FC221E,  2013-08-01 06:31:00
BF91206BF6016E35AE3AEC67CF0611AB,  2013-08-07 14:48:00
BF91206BF6016E35AE3AEC67CF0611AB,  2013-08-07 14:49:00
C22D5DD228F47B709BED0F5B996C7E5B,  2013-08-07 17:39:00
C3B21CF2EEEE0B0ED4A5C4B98EBD0A56,  2013-08-06 12:57:00
C41A7FA97B7C694620442621FC8D8127,  2013-08-05 06:39:00
C5AADDB89C535DB639E0296EF40062E4,  2013-08-06 10:11:00
C8863CEC3E6F44057326BA8B3FCE3AB9,  2013-08-01 00:12:00
CB681D45BE8E07EC40388EA9C0D49023,  2013-08-05 20:51:00
CC06A75F16AACDA8B33E868B2216E3A9,  2013-08-05 22:06:00
CCB1E13FB227A4726111752D0F6458F9,  2013-08-07 15:39:00
CE22FDCE2D5845CF3E562173084FFE99,  2013-08-05 18:15:00
CEA0203EC94225EA2B05224F7C875FF1,  2013-08-07 19:14:00
CEA322EA7E96F56511DCF00B15C0B13A,  2013-08-05 00:36:00
D01B73345CD09E6B5B8B5076436C0482,  2013-08-05 12:42:00
D3765EB5261C08BF2EBBE09164A75043,  2013-08-05 10:38:00
D39704A62CF63852EE31C1B66275E75D,  2013-08-06 17:13:00
D39704A62CF63852EE31C1B66275E75D,  2013-08-07 17:47:00
D43B8505605CEECDEAA54E30F344E9F6,  2013-08-06 04:43:00
D46130EEE58952844E13AE96E6A44362,  2013-08-05 21:15:00
D4D7F42F03937C65BF328B064868CCA8,  2013-08-06 15:34:00
D50A71723971D17F3ED84996BEC2E5B8,  2013-08-06 22:33:00
D63EA603C7151EE3D9F9975C75CD9132,  2013-08-06 09:41:00
D6E912F06EEDB1749B2595C7A1D2901B,  2013-08-06 20:19:00
D978FA187038016567511C9FDF2DB955,  2013-08-05 13:55:00
D9F9133FB120CD6096870BC2B496805B,  2013-08-05 11:21:00
DA93324D79ACA5082945EAB57920BCEB,  2013-08-06 18:44:00
DBA03C39ED8C744C7624D3E40E88893D,  2013-08-07 22:41:00
DBC9758C440603E637FEF3275A4535B8,  2013-08-06 18:09:00
DC757F88C465D6D94E8C7BD67E9D41B9,  2013-08-05 15:00:00
DD2F0B50AA8FEC36B6CE689F16039F12,  2013-08-07 20:28:00
DDBFC33EB42056E1DFC8E8F356EE5527,  2013-08-01 01:32:00
DED3334D23BBF51F1A5C841E9C227C39,  2013-08-07 14:48:00
DF681D7A829430AEE83AAF5CCC078407,  2013-08-06 06:40:00
E088F1ADBC5962AC31E8721FFAE337A6,  2013-08-05 14:52:00
E1CAB23492952D2165EF62BDC4568955,  2013-08-07 21:35:00
E2563431CC2CC16F7BB22481922E6458,  2013-08-05 09:24:00
E3745077CE6873D9A2EA80DBF377F294,  2013-08-05 07:54:00
E3BE706403627C3D4BF57BB0224067C0,  2013-08-01 00:47:00
E3FD0A4DE92A3B02B63C343FDEE99BAC,  2013-08-06 17:50:00
E43197E5FA39815A98C11775F938A846,  2013-08-01 09:36:00
E4B3BD2D019F61A817E10ABDF43069E3,  2013-08-07 18:12:00
E5018BD908BDABB9213131D8BB0FAE5E,  2013-08-06 20:09:00
E63FB9A6397F26C7CC32816ED2692B51,  2013-08-05 14:24:00
E79DEAC99C7B48BC786C70BDDF606B73,  2013-08-06 18:46:00
E8275BDE16ECD14CD3A006584E6D5D13,  2013-08-05 08:16:00
EBED0E655DDFA52D3F86B7B0D9CD41C5,  2013-08-07 01:08:00
ECEADE72BFBDC897CE193F99D667584C,  2013-08-06 12:14:00
EE9FB7759494B99129A19BE5058F94B8,  2013-08-05 06:11:00
EEDA2E71A0D833D602EBB33343E8DDDB,  2013-08-05 12:41:00
EEDA2E71A0D833D602EBB33343E8DDDB,  2013-08-06 21:22:00
F2044E9C9C3A442A01BC34A67FF1009F,  2013-08-06 17:12:00
F23DDD7B961109E4EB194F3F7AF20F7D,  2013-08-05 15:32:00
F2C271C61AB3274D76D79A9E56D00C3E,  2013-08-06 19:22:00
F31C1DCC59DED4B0FF97FFF34F39FFE4,  2013-08-01 07:05:00
FBAE44EAB60877770A28A57BA2C6C8E8,  2013-08-06 13:05:00
FCB1BF2054823AB4F0D2A35BB5A26A11,  2013-08-07 09:19:00
